<?xml version="1.0" encoding="UTF-8"?>
<coverage generated="1530033229262" clover="3.2.0">
  <project timestamp="1530033229262" name="All files">
    <metrics statements="53" coveredstatements="0" conditionals="11" coveredconditionals="0" methods="18" coveredmethods="0" elements="82" coveredelements="0" complexity="0" loc="53" ncloc="53" packages="5" files="13" classes="13">
      <package name="src">
        <metrics statements="7" coveredstatements="0" conditionals="0" coveredconditionals="0" methods="1" coveredmethods="0"/>
        <file name="main.js" path="/Users/artemlp/www/vue-fan/src/main.js">
          <metrics statements="7" coveredstatements="0" conditionals="0" coveredconditionals="0" methods="1" coveredmethods="0"/>
          <line num="4" count="0" type="stmt"/>
          <line num="5" count="0" type="stmt"/>
          <line num="6" count="0" type="stmt"/>
          <line num="7" count="0" type="stmt"/>
          <line num="8" count="0" type="stmt"/>
          <line num="12" count="0" type="stmt"/>
          <line num="15" count="0" type="stmt"/>
        </file>
      </package>
      <package name="src.components">
        <metrics statements="23" coveredstatements="0" conditionals="9" coveredconditionals="0" methods="14" coveredmethods="0"/>
        <file name="AttributeSelector.vue" path="/Users/artemlp/www/vue-fan/src/components/AttributeSelector.vue">
          <metrics statements="1" coveredstatements="0" conditionals="0" coveredconditionals="0" methods="1" coveredmethods="0"/>
          <line num="8" count="0" type="stmt"/>
        </file>
        <file name="CodeSnippet.vue" path="/Users/artemlp/www/vue-fan/src/components/CodeSnippet.vue">
          <metrics statements="4" coveredstatements="0" conditionals="0" coveredconditionals="0" methods="3" coveredmethods="0"/>
          <line num="8" count="0" type="stmt"/>
          <line num="10" count="0" type="stmt"/>
          <line num="21" count="0" type="stmt"/>
          <line num="28" count="0" type="stmt"/>
        </file>
        <file name="CssRule.vue" path="/Users/artemlp/www/vue-fan/src/components/CssRule.vue">
          <metrics statements="2" coveredstatements="0" conditionals="0" coveredconditionals="0" methods="1" coveredmethods="0"/>
          <line num="12" count="0" type="stmt"/>
          <line num="18" count="0" type="stmt"/>
        </file>
        <file name="DeclarationBlock.vue" path="/Users/artemlp/www/vue-fan/src/components/DeclarationBlock.vue">
          <metrics statements="3" coveredstatements="0" conditionals="0" coveredconditionals="0" methods="1" coveredmethods="0"/>
          <line num="14" count="0" type="stmt"/>
          <line num="16" count="0" type="stmt"/>
          <line num="32" count="0" type="stmt"/>
        </file>
        <file name="Property.vue" path="/Users/artemlp/www/vue-fan/src/components/Property.vue">
          <metrics statements="4" coveredstatements="0" conditionals="0" coveredconditionals="0" methods="4" coveredmethods="0"/>
          <line num="44" count="0" type="stmt"/>
          <line num="48" count="0" type="stmt"/>
          <line num="55" count="0" type="stmt"/>
          <line num="56" count="0" type="stmt"/>
        </file>
        <file name="PseudoClass.vue" path="/Users/artemlp/www/vue-fan/src/components/PseudoClass.vue">
          <metrics statements="1" coveredstatements="0" conditionals="0" coveredconditionals="0" methods="1" coveredmethods="0"/>
          <line num="8" count="0" type="stmt"/>
        </file>
        <file name="Selector.vue" path="/Users/artemlp/www/vue-fan/src/components/Selector.vue">
          <metrics statements="1" coveredstatements="0" conditionals="0" coveredconditionals="0" methods="1" coveredmethods="0"/>
          <line num="9" count="0" type="stmt"/>
        </file>
        <file name="VendorPrefix.vue" path="/Users/artemlp/www/vue-fan/src/components/VendorPrefix.vue">
          <metrics statements="7" coveredstatements="0" conditionals="9" coveredconditionals="0" methods="2" coveredmethods="0"/>
          <line num="8" count="0" type="stmt"/>
          <line num="14" count="0" type="stmt"/>
          <line num="24" count="0" type="cond" truecount="0" falsecount="5"/>
          <line num="25" count="0" type="cond" truecount="0" falsecount="2"/>
          <line num="26" count="0" type="stmt"/>
          <line num="28" count="0" type="stmt"/>
          <line num="31" count="0" type="cond" truecount="0" falsecount="2"/>
        </file>
      </package>
      <package name="src.router">
        <metrics statements="5" coveredstatements="0" conditionals="0" coveredconditionals="0" methods="0" coveredmethods="0"/>
        <file name="index.js" path="/Users/artemlp/www/vue-fan/src/router/index.js">
          <metrics statements="5" coveredstatements="0" conditionals="0" coveredconditionals="0" methods="0" coveredmethods="0"/>
          <line num="1" count="0" type="stmt"/>
          <line num="2" count="0" type="stmt"/>
          <line num="3" count="0" type="stmt"/>
          <line num="4" count="0" type="stmt"/>
          <line num="6" count="0" type="stmt"/>
        </file>
      </package>
      <package name="src.utils">
        <metrics statements="4" coveredstatements="0" conditionals="2" coveredconditionals="0" methods="1" coveredmethods="0"/>
        <file name="utils.js" path="/Users/artemlp/www/vue-fan/src/utils/utils.js">
          <metrics statements="4" coveredstatements="0" conditionals="2" coveredconditionals="0" methods="1" coveredmethods="0"/>
          <line num="2" count="0" type="stmt"/>
          <line num="3" count="0" type="cond" truecount="0" falsecount="2"/>
          <line num="4" count="0" type="stmt"/>
          <line num="7" count="0" type="stmt"/>
        </file>
      </package>
      <package name="src.views">
        <metrics statements="14" coveredstatements="0" conditionals="0" coveredconditionals="0" methods="2" coveredmethods="0"/>
        <file name="Index.vue" path="/Users/artemlp/www/vue-fan/src/views/Index.vue">
          <metrics statements="6" coveredstatements="0" conditionals="0" coveredconditionals="0" methods="2" coveredmethods="0"/>
          <line num="209" count="0" type="stmt"/>
          <line num="210" count="0" type="stmt"/>
          <line num="211" count="0" type="stmt"/>
          <line num="212" count="0" type="stmt"/>
          <line num="213" count="0" type="stmt"/>
          <line num="225" count="0" type="stmt"/>
        </file>
        <file name="Todo.vue" path="/Users/artemlp/www/vue-fan/src/views/Todo.vue">
          <metrics statements="8" coveredstatements="0" conditionals="0" coveredconditionals="0" methods="0" coveredmethods="0"/>
          <line num="81" count="0" type="stmt"/>
          <line num="82" count="0" type="stmt"/>
          <line num="83" count="0" type="stmt"/>
          <line num="84" count="0" type="stmt"/>
          <line num="85" count="0" type="stmt"/>
          <line num="86" count="0" type="stmt"/>
          <line num="87" count="0" type="stmt"/>
          <line num="88" count="0" type="stmt"/>
        </file>
      </package>
    </metrics>
  </project>
</coverage>
