{"/Users/artemlp/www/vue-fan/src/main.js": {"path":"/Users/artemlp/www/vue-fan/src/main.js","statementMap":{"0":{"start":{"line":4,"column":0},"end":{"line":null,"column":-1}},"1":{"start":{"line":5,"column":0},"end":{"line":null,"column":-1}},"2":{"start":{"line":6,"column":0},"end":{"line":null,"column":-1}},"3":{"start":{"line":7,"column":0},"end":{"line":null,"column":-1}},"4":{"start":{"line":8,"column":0},"end":{"line":null,"column":-1}},"5":{"start":{"line":12,"column":0},"end":{"line":null,"column":-1}},"6":{"start":{"line":15,"column":10},"end":{"line":null,"column":-1}}},"fnMap":{"0":{"name":"render","decl":{"start":{"line":15,"column":10},"end":{"line":null,"column":-1}},"loc":{"start":{"line":15,"column":10},"end":{"line":null,"column":-1}}}},"branchMap":{},"s":{"0":0,"1":0,"2":0,"3":0,"4":0,"5":0,"6":0},"f":{"0":0},"b":{}}
,"/Users/artemlp/www/vue-fan/src/components/AttributeSelector.vue": {"path":"/Users/artemlp/www/vue-fan/src/components/AttributeSelector.vue","statementMap":{"0":{"start":{"line":8,"column":0},"end":{"line":null,"column":-1}}},"fnMap":{"0":{"name":"data","decl":{"start":{"line":7,"column":0},"end":{"line":null,"column":-1}},"loc":{"start":{"line":7,"column":0},"end":{"line":11,"column":0}}}},"branchMap":{},"s":{"0":0},"f":{"0":0},"b":{}}
,"/Users/artemlp/www/vue-fan/src/components/CodeSnippet.vue": {"path":"/Users/artemlp/www/vue-fan/src/components/CodeSnippet.vue","statementMap":{"0":{"start":{"line":8,"column":0},"end":{"line":null,"column":-1}},"1":{"start":{"line":10,"column":0},"end":{"line":null,"column":-1}},"2":{"start":{"line":21,"column":0},"end":{"line":null,"column":-1}},"3":{"start":{"line":28,"column":0},"end":{"line":null,"column":-1}}},"fnMap":{"0":{"name":"validator","decl":{"start":{"line":20,"column":0},"end":{"line":null,"column":-1}},"loc":{"start":{"line":20,"column":0},"end":{"line":22,"column":0}}},"1":{"name":"classes","decl":{"start":{"line":27,"column":0},"end":{"line":null,"column":-1}},"loc":{"start":{"line":27,"column":0},"end":{"line":32,"column":0}}},"2":{"name":"mounted","decl":{"start":{"line":34,"column":0},"end":{"line":null,"column":-1}},"loc":{"start":{"line":34,"column":0},"end":{"line":36,"column":0}}}},"branchMap":{},"s":{"0":0,"1":0,"2":0,"3":0},"f":{"0":0,"1":0,"2":0},"b":{}}
,"/Users/artemlp/www/vue-fan/src/components/CssRule.vue": {"path":"/Users/artemlp/www/vue-fan/src/components/CssRule.vue","statementMap":{"0":{"start":{"line":12,"column":0},"end":{"line":null,"column":-1}},"1":{"start":{"line":18,"column":0},"end":{"line":null,"column":-1}}},"fnMap":{"0":{"name":"classes","decl":{"start":{"line":17,"column":0},"end":{"line":null,"column":-1}},"loc":{"start":{"line":17,"column":0},"end":{"line":21,"column":0}}}},"branchMap":{},"s":{"0":0,"1":0},"f":{"0":0},"b":{}}
,"/Users/artemlp/www/vue-fan/src/components/DeclarationBlock.vue": {"path":"/Users/artemlp/www/vue-fan/src/components/DeclarationBlock.vue","statementMap":{"0":{"start":{"line":14,"column":0},"end":{"line":null,"column":-1}},"1":{"start":{"line":16,"column":0},"end":{"line":null,"column":-1}},"2":{"start":{"line":32,"column":0},"end":{"line":null,"column":-1}}},"fnMap":{"0":{"name":"classes","decl":{"start":{"line":31,"column":0},"end":{"line":null,"column":-1}},"loc":{"start":{"line":31,"column":0},"end":{"line":35,"column":0}}}},"branchMap":{},"s":{"0":0,"1":0,"2":0},"f":{"0":0},"b":{}}
,"/Users/artemlp/www/vue-fan/src/components/Property.vue": {"path":"/Users/artemlp/www/vue-fan/src/components/Property.vue","statementMap":{"0":{"start":{"line":44,"column":0},"end":{"line":null,"column":-1}},"1":{"start":{"line":48,"column":0},"end":{"line":null,"column":-1}},"2":{"start":{"line":55,"column":0},"end":{"line":57,"column":0}},"3":{"start":{"line":56,"column":0},"end":{"line":null,"column":-1}}},"fnMap":{"0":{"name":"data","decl":{"start":{"line":43,"column":0},"end":{"line":null,"column":-1}},"loc":{"start":{"line":43,"column":0},"end":{"line":45,"column":0}}},"1":{"name":"indentBetweenColonStyles","decl":{"start":{"line":47,"column":0},"end":{"line":null,"column":-1}},"loc":{"start":{"line":47,"column":0},"end":{"line":51,"column":0}}},"2":{"name":"transformedCssProperties","decl":{"start":{"line":54,"column":0},"end":{"line":null,"column":-1}},"loc":{"start":{"line":54,"column":0},"end":{"line":58,"column":0}}},"3":{"name":"(anonymous_4)","decl":{"start":{"line":55,"column":0},"end":{"line":null,"column":-1}},"loc":{"start":{"line":55,"column":0},"end":{"line":57,"column":0}}}},"branchMap":{},"s":{"0":0,"1":0,"2":0,"3":0},"f":{"0":0,"1":0,"2":0,"3":0},"b":{}}
,"/Users/artemlp/www/vue-fan/src/components/PseudoClass.vue": {"path":"/Users/artemlp/www/vue-fan/src/components/PseudoClass.vue","statementMap":{"0":{"start":{"line":8,"column":0},"end":{"line":null,"column":-1}}},"fnMap":{"0":{"name":"data","decl":{"start":{"line":7,"column":0},"end":{"line":null,"column":-1}},"loc":{"start":{"line":7,"column":0},"end":{"line":11,"column":0}}}},"branchMap":{},"s":{"0":0},"f":{"0":0},"b":{}}
,"/Users/artemlp/www/vue-fan/src/components/Selector.vue": {"path":"/Users/artemlp/www/vue-fan/src/components/Selector.vue","statementMap":{"0":{"start":{"line":9,"column":0},"end":{"line":null,"column":-1}}},"fnMap":{"0":{"name":"data","decl":{"start":{"line":8,"column":0},"end":{"line":null,"column":-1}},"loc":{"start":{"line":8,"column":0},"end":{"line":12,"column":0}}}},"branchMap":{},"s":{"0":0},"f":{"0":0},"b":{}}
,"/Users/artemlp/www/vue-fan/src/components/VendorPrefix.vue": {"path":"/Users/artemlp/www/vue-fan/src/components/VendorPrefix.vue","statementMap":{"0":{"start":{"line":8,"column":0},"end":{"line":null,"column":-1}},"1":{"start":{"line":14,"column":0},"end":{"line":null,"column":-1}},"2":{"start":{"line":24,"column":0},"end":{"line":30,"column":0}},"3":{"start":{"line":25,"column":0},"end":{"line":29,"column":0}},"4":{"start":{"line":26,"column":0},"end":{"line":null,"column":-1}},"5":{"start":{"line":28,"column":0},"end":{"line":null,"column":-1}},"6":{"start":{"line":31,"column":0},"end":{"line":null,"column":-1}}},"fnMap":{"0":{"name":"data","decl":{"start":{"line":7,"column":0},"end":{"line":null,"column":-1}},"loc":{"start":{"line":7,"column":0},"end":{"line":11,"column":0}}},"1":{"name":"getBrowserPrefix","decl":{"start":{"line":13,"column":0},"end":{"line":null,"column":-1}},"loc":{"start":{"line":13,"column":0},"end":{"line":32,"column":0}}}},"branchMap":{"0":{"loc":{"start":{"line":24,"column":0},"end":{"line":30,"column":0}},"type":"if","locations":[{"start":{"line":24,"column":0},"end":{"line":30,"column":0}},{"start":{"line":24,"column":0},"end":{"line":30,"column":0}}]},"1":{"loc":{"start":{"line":24,"column":0},"end":{"line":null,"column":-1}},"type":"binary-expr","locations":[{"start":{"line":24,"column":0},"end":{"line":null,"column":-1}},{"start":{"line":24,"column":0},"end":{"line":null,"column":-1}},{"start":{"line":24,"column":0},"end":{"line":null,"column":-1}}]},"2":{"loc":{"start":{"line":25,"column":0},"end":{"line":29,"column":0}},"type":"if","locations":[{"start":{"line":25,"column":0},"end":{"line":29,"column":0}},{"start":{"line":25,"column":0},"end":{"line":29,"column":0}}]},"3":{"loc":{"start":{"line":31,"column":0},"end":{"line":null,"column":-1}},"type":"cond-expr","locations":[{"start":{"line":31,"column":0},"end":{"line":null,"column":-1}},{"start":{"line":31,"column":0},"end":{"line":null,"column":-1}}]}},"s":{"0":0,"1":0,"2":0,"3":0,"4":0,"5":0,"6":0},"f":{"0":0,"1":0},"b":{"0":[0,0],"1":[0,0,0],"2":[0,0],"3":[0,0]}}
,"/Users/artemlp/www/vue-fan/src/router/index.js": {"path":"/Users/artemlp/www/vue-fan/src/router/index.js","statementMap":{"0":{"start":{"line":1,"column":0},"end":{"line":null,"column":-1}},"1":{"start":{"line":2,"column":0},"end":{"line":null,"column":-1}},"2":{"start":{"line":3,"column":0},"end":{"line":null,"column":-1}},"3":{"start":{"line":4,"column":0},"end":{"line":null,"column":-1}},"4":{"start":{"line":6,"column":0},"end":{"line":null,"column":-1}}},"fnMap":{},"branchMap":{},"s":{"0":0,"1":0,"2":0,"3":0,"4":0},"f":{},"b":{}}
,"/Users/artemlp/www/vue-fan/src/utils/utils.js": {"path":"/Users/artemlp/www/vue-fan/src/utils/utils.js","statementMap":{"0":{"start":{"line":2,"column":2},"end":{"line":6,"column":3}},"1":{"start":{"line":3,"column":4},"end":{"line":5,"column":5}},"2":{"start":{"line":4,"column":6},"end":{"line":null,"column":-1}},"3":{"start":{"line":7,"column":2},"end":{"line":null,"column":-1}}},"fnMap":{"0":{"name":"oneOf","decl":{"start":{"line":1,"column":16},"end":{"line":1,"column":7}},"loc":{"start":{"line":1,"column":41},"end":{"line":8,"column":1}}}},"branchMap":{"0":{"loc":{"start":{"line":3,"column":4},"end":{"line":5,"column":5}},"type":"if","locations":[{"start":{"line":3,"column":4},"end":{"line":5,"column":5}},{"start":{"line":3,"column":4},"end":{"line":5,"column":5}}]}},"s":{"0":0,"1":0,"2":0,"3":0},"f":{"0":0},"b":{"0":[0,0]}}
,"/Users/artemlp/www/vue-fan/src/views/Index.vue": {"path":"/Users/artemlp/www/vue-fan/src/views/Index.vue","statementMap":{"0":{"start":{"line":209,"column":0},"end":{"line":null,"column":-1}},"1":{"start":{"line":210,"column":0},"end":{"line":null,"column":-1}},"2":{"start":{"line":211,"column":0},"end":{"line":null,"column":-1}},"3":{"start":{"line":212,"column":0},"end":{"line":null,"column":-1}},"4":{"start":{"line":213,"column":0},"end":{"line":null,"column":-1}},"5":{"start":{"line":225,"column":0},"end":{"line":null,"column":-1}}},"fnMap":{"0":{"name":"data","decl":{"start":{"line":224,"column":0},"end":{"line":null,"column":-1}},"loc":{"start":{"line":224,"column":0},"end":{"line":247,"column":0}}},"1":{"name":"handleChangingCssProperties","decl":{"start":{"line":249,"column":0},"end":{"line":null,"column":-1}},"loc":{"start":{"line":249,"column":0},"end":{"line":null,"column":-1}}}},"branchMap":{},"s":{"0":0,"1":0,"2":0,"3":0,"4":0,"5":0},"f":{"0":0,"1":0},"b":{}}
,"/Users/artemlp/www/vue-fan/src/views/Todo.vue": {"path":"/Users/artemlp/www/vue-fan/src/views/Todo.vue","statementMap":{"0":{"start":{"line":81,"column":0},"end":{"line":null,"column":-1}},"1":{"start":{"line":82,"column":0},"end":{"line":null,"column":-1}},"2":{"start":{"line":83,"column":0},"end":{"line":null,"column":-1}},"3":{"start":{"line":84,"column":0},"end":{"line":null,"column":-1}},"4":{"start":{"line":85,"column":0},"end":{"line":null,"column":-1}},"5":{"start":{"line":86,"column":0},"end":{"line":null,"column":-1}},"6":{"start":{"line":87,"column":0},"end":{"line":null,"column":-1}},"7":{"start":{"line":88,"column":0},"end":{"line":null,"column":-1}}},"fnMap":{},"branchMap":{},"s":{"0":0,"1":0,"2":0,"3":0,"4":0,"5":0,"6":0,"7":0},"f":{},"b":{}}
}
