TN:
SF:/Users/artemlp/www/vue-fan/src/main.js
FN:15,render
FNF:1
FNH:0
FNDA:0,render
DA:4,0
DA:5,0
DA:6,0
DA:7,0
DA:8,0
DA:12,0
DA:15,0
LF:7
LH:0
BRF:0
BRH:0
end_of_record
TN:
SF:/Users/artemlp/www/vue-fan/src/components/AttributeSelector.vue
FN:7,data
FNF:1
FNH:0
FNDA:0,data
DA:8,0
LF:1
LH:0
BRF:0
BRH:0
end_of_record
TN:
SF:/Users/artemlp/www/vue-fan/src/components/CodeSnippet.vue
FN:20,validator
FN:27,classes
FN:34,mounted
FNF:3
FNH:0
FNDA:0,validator
FNDA:0,classes
FNDA:0,mounted
DA:8,0
DA:10,0
DA:21,0
DA:28,0
LF:4
LH:0
BRF:0
BRH:0
end_of_record
TN:
SF:/Users/artemlp/www/vue-fan/src/components/CssRule.vue
FN:17,classes
FNF:1
FNH:0
FNDA:0,classes
DA:12,0
DA:18,0
LF:2
LH:0
BRF:0
BRH:0
end_of_record
TN:
SF:/Users/artemlp/www/vue-fan/src/components/DeclarationBlock.vue
FN:31,classes
FNF:1
FNH:0
FNDA:0,classes
DA:14,0
DA:16,0
DA:32,0
LF:3
LH:0
BRF:0
BRH:0
end_of_record
TN:
SF:/Users/artemlp/www/vue-fan/src/components/Property.vue
FN:43,data
FN:47,indentBetweenColonStyles
FN:54,transformedCssProperties
FN:55,(anonymous_4)
FNF:4
FNH:0
FNDA:0,data
FNDA:0,indentBetweenColonStyles
FNDA:0,transformedCssProperties
FNDA:0,(anonymous_4)
DA:44,0
DA:48,0
DA:55,0
DA:56,0
LF:4
LH:0
BRF:0
BRH:0
end_of_record
TN:
SF:/Users/artemlp/www/vue-fan/src/components/PseudoClass.vue
FN:7,data
FNF:1
FNH:0
FNDA:0,data
DA:8,0
LF:1
LH:0
BRF:0
BRH:0
end_of_record
TN:
SF:/Users/artemlp/www/vue-fan/src/components/Selector.vue
FN:8,data
FNF:1
FNH:0
FNDA:0,data
DA:9,0
LF:1
LH:0
BRF:0
BRH:0
end_of_record
TN:
SF:/Users/artemlp/www/vue-fan/src/components/VendorPrefix.vue
FN:7,data
FN:13,getBrowserPrefix
FNF:2
FNH:0
FNDA:0,data
FNDA:0,getBrowserPrefix
DA:8,0
DA:14,0
DA:24,0
DA:25,0
DA:26,0
DA:28,0
DA:31,0
LF:7
LH:0
BRDA:24,0,0,0
BRDA:24,0,1,0
BRDA:24,1,0,0
BRDA:24,1,1,0
BRDA:24,1,2,0
BRDA:25,2,0,0
BRDA:25,2,1,0
BRDA:31,3,0,0
BRDA:31,3,1,0
BRF:9
BRH:0
end_of_record
TN:
SF:/Users/artemlp/www/vue-fan/src/router/index.js
FNF:0
FNH:0
DA:1,0
DA:2,0
DA:3,0
DA:4,0
DA:6,0
LF:5
LH:0
BRF:0
BRH:0
end_of_record
TN:
SF:/Users/artemlp/www/vue-fan/src/utils/utils.js
FN:1,oneOf
FNF:1
FNH:0
FNDA:0,oneOf
DA:2,0
DA:3,0
DA:4,0
DA:7,0
LF:4
LH:0
BRDA:3,0,0,0
BRDA:3,0,1,0
BRF:2
BRH:0
end_of_record
TN:
SF:/Users/artemlp/www/vue-fan/src/views/Index.vue
FN:224,data
FN:249,handleChangingCssProperties
FNF:2
FNH:0
FNDA:0,data
FNDA:0,handleChangingCssProperties
DA:209,0
DA:210,0
DA:211,0
DA:212,0
DA:213,0
DA:225,0
LF:6
LH:0
BRF:0
BRH:0
end_of_record
TN:
SF:/Users/artemlp/www/vue-fan/src/views/Todo.vue
FNF:0
FNH:0
DA:81,0
DA:82,0
DA:83,0
DA:84,0
DA:85,0
DA:86,0
DA:87,0
DA:88,0
LF:8
LH:0
BRF:0
BRH:0
end_of_record
