TN:
SF:/Users/artemlp/www/vue-fan/src/main.js
FN:15,render
FNF:1
FNH:0
FNDA:0,render
DA:4,0
DA:5,0
DA:6,0
DA:7,0
DA:8,0
DA:12,0
DA:15,0
LF:7
LH:0
BRF:0
BRH:0
end_of_record
TN:
SF:/Users/artemlp/www/vue-fan/src/components/AttributeSelector.vue
FN:7,data
FNF:1
FNH:0
FNDA:0,data
DA:8,0
LF:1
LH:0
BRF:0
BRH:0
end_of_record
TN:
SF:/Users/artemlp/www/vue-fan/src/components/CodeSnippet.vue
FN:20,validator
FN:27,classes
FN:34,mounted
FNF:3
FNH:3
FNDA:25,validator
FNDA:25,classes
FNDA:15,mounted
DA:8,1
DA:10,1
DA:21,25
DA:28,25
LF:4
LH:4
BRF:0
BRH:0
end_of_record
TN:
SF:/Users/artemlp/www/vue-fan/src/components/CssRule.vue
FN:17,classes
FNF:1
FNH:0
FNDA:0,classes
DA:12,0
DA:18,0
LF:2
LH:0
BRF:0
BRH:0
end_of_record
TN:
SF:/Users/artemlp/www/vue-fan/src/components/DeclarationBlock.vue
FN:31,classes
FNF:1
FNH:0
FNDA:0,classes
DA:14,0
DA:16,0
DA:32,0
LF:3
LH:0
BRF:0
BRH:0
end_of_record
TN:
SF:/Users/artemlp/www/vue-fan/src/components/Property.vue
FN:46,data
FN:50,indentBetweenColonStyles
FN:57,transformedCssProperties
FN:58,(anonymous_4)
FNF:4
FNH:0
FNDA:0,data
FNDA:0,indentBetweenColonStyles
FNDA:0,transformedCssProperties
FNDA:0,(anonymous_4)
DA:47,0
DA:51,0
DA:58,0
DA:59,0
LF:4
LH:0
BRF:0
BRH:0
end_of_record
TN:
SF:/Users/artemlp/www/vue-fan/src/components/PseudoClass.vue
FN:7,data
FNF:1
FNH:0
FNDA:0,data
DA:8,0
LF:1
LH:0
BRF:0
BRH:0
end_of_record
TN:
SF:/Users/artemlp/www/vue-fan/src/components/Selector.vue
FN:8,data
FNF:1
FNH:0
FNDA:0,data
DA:9,0
LF:1
LH:0
BRF:0
BRH:0
end_of_record
TN:
SF:/Users/artemlp/www/vue-fan/src/components/VendorPrefix.vue
FN:7,data
FN:13,getBrowserPrefix
FNF:2
FNH:0
FNDA:0,data
FNDA:0,getBrowserPrefix
DA:8,0
DA:14,0
DA:24,0
DA:25,0
DA:26,0
DA:28,0
DA:31,0
LF:7
LH:0
BRDA:24,0,0,0
BRDA:24,0,1,0
BRDA:24,1,0,0
BRDA:24,1,1,0
BRDA:24,1,2,0
BRDA:25,2,0,0
BRDA:25,2,1,0
BRDA:31,3,0,0
BRDA:31,3,1,0
BRF:9
BRH:0
end_of_record
TN:
SF:/Users/artemlp/www/vue-fan/src/components/rule-comment/CommentNoEmpty.vue
FN:41,data
FN:47,getSnippetType
FNF:2
FNH:2
FNDA:3,data
FNDA:25,getSnippetType
DA:32,1
DA:33,1
DA:42,3
DA:48,25
DA:49,12
DA:50,8
DA:52,15
LF:7
LH:7
BRDA:48,0,0,10
BRDA:48,0,1,15
BRDA:49,1,0,12
BRDA:49,1,1,12
BRF:4
BRH:4
end_of_record
TN:
SF:/Users/artemlp/www/vue-fan/src/router/index.js
FNF:0
FNH:0
DA:1,0
DA:2,0
DA:3,0
DA:4,0
DA:6,0
LF:5
LH:0
BRF:0
BRH:0
end_of_record
TN:
SF:/Users/artemlp/www/vue-fan/src/utils/utils.js
FN:1,oneOf
FNF:1
FNH:1
FNDA:25,oneOf
DA:2,25
DA:3,44
DA:4,25
DA:7,0
LF:4
LH:3
BRDA:3,0,0,25
BRDA:3,0,1,19
BRF:2
BRH:2
end_of_record
TN:
SF:/Users/artemlp/www/vue-fan/src/views/Index.vue
FN:218,data
FN:243,handleChangingCssProperties
FNF:2
FNH:0
FNDA:0,data
FNDA:0,handleChangingCssProperties
DA:203,0
DA:204,0
DA:205,0
DA:206,0
DA:207,0
DA:219,0
LF:6
LH:0
BRF:0
BRH:0
end_of_record
TN:
SF:/Users/artemlp/www/vue-fan/src/views/Todo.vue
FN:23,data
FNF:1
FNH:0
FNDA:0,data
DA:14,0
DA:15,0
DA:24,0
LF:3
LH:0
BRF:0
BRH:0
end_of_record
